<?xml version="1.0" encoding="UTF-8"?>
<!-- Generated by org.testng.reporters.JUnitReportReporter -->
<testsuite hostname="EC2AMAZ-S11DBRH" failures="0" tests="3" name="paralleltest.SampleTestTwo" time="0.040" errors="0" timestamp="2023-12-19T17:19:45 GMT" skipped="0">
  <testcase classname="paralleltest.SampleTestTwo" name="testThree" time="0.020"/>
  <system-out/>
  <testcase classname="paralleltest.SampleTestTwo" name="testOne" time="0.018"/>
  <system-out/>
  <testcase classname="paralleltest.SampleTestTwo" name="testTwo" time="0.002"/>
  <system-out/>
</testsuite> <!-- paralleltest.SampleTestTwo -->
