<?xml version="1.0" encoding="UTF-8"?>
<!-- Generated by org.testng.reporters.JUnitReportReporter -->
<testsuite hostname="EC2AMAZ-S11DBRH" failures="0" tests="4" name="TestScripts.SampleTestThree" time="0.013" errors="0" timestamp="2023-12-14T18:33:41 GMT" skipped="0">
  <testcase classname="TestScripts.SampleTestThree" name="testtwo" time="0.002"/>
  <system-out/>
  <testcase classname="TestScripts.SampleTestThree" name="testone" time="0.004"/>
  <system-out/>
  <testcase classname="TestScripts.SampleTestThree" name="testthree" time="0.001"/>
  <system-out/>
  <testcase classname="TestScripts.SampleTestThree" name="testfour" time="0.006"/>
  <system-out/>
</testsuite> <!-- TestScripts.SampleTestThree -->
