<?xml version="1.0" encoding="UTF-8"?>
<!-- Generated by org.testng.reporters.JUnitReportReporter -->
<testsuite hostname="EC2AMAZ-S11DBRH" failures="0" tests="4" name="paralleltest.SampleTestFour" time="0.019" errors="0" timestamp="2023-12-14T18:42:42 GMT" skipped="0">
  <testcase classname="paralleltest.SampleTestFour" name="testthree" time="0.002"/>
  <system-out/>
  <testcase classname="paralleltest.SampleTestFour" name="testtwo" time="0.002"/>
  <system-out/>
  <testcase classname="paralleltest.SampleTestFour" name="testone" time="0.003"/>
  <system-out/>
  <testcase classname="paralleltest.SampleTestFour" name="testfour" time="0.012"/>
  <system-out/>
</testsuite> <!-- paralleltest.SampleTestFour -->
