<?xml version="1.0" encoding="UTF-8"?>
<!-- Generated by org.testng.reporters.JUnitReportReporter -->
<testsuite hostname="EC2AMAZ-S11DBRH" failures="0" tests="4" name="paralleltest.SampleTestThree" time="0.015" errors="0" timestamp="2023-12-14T18:40:53 GMT" skipped="0">
  <testcase classname="paralleltest.SampleTestThree" name="testone" time="0.004"/>
  <system-out/>
  <testcase classname="paralleltest.SampleTestThree" name="testtwo" time="0.002"/>
  <system-out/>
  <testcase classname="paralleltest.SampleTestThree" name="testthree" time="0.003"/>
  <system-out/>
  <testcase classname="paralleltest.SampleTestThree" name="testfour" time="0.006"/>
  <system-out/>
</testsuite> <!-- paralleltest.SampleTestThree -->
