<?xml version="1.0" encoding="UTF-8"?>
<!-- Generated by org.testng.reporters.JUnitReportReporter -->
<testsuite hostname="EC2AMAZ-S11DBRH" failures="0" tests="3" name="TestScripts.SampleTestTwo" time="0.023" errors="0" timestamp="2023-12-14T18:33:41 GMT" skipped="0">
  <testcase classname="TestScripts.SampleTestTwo" name="testTwo" time="0.004"/>
  <system-out/>
  <testcase classname="TestScripts.SampleTestTwo" name="testOne" time="0.014"/>
  <system-out/>
  <testcase classname="TestScripts.SampleTestTwo" name="testThree" time="0.005"/>
  <system-out/>
</testsuite> <!-- TestScripts.SampleTestTwo -->
