<?xml version="1.0" encoding="UTF-8"?>
<!-- Generated by org.testng.reporters.JUnitReportReporter -->
<testsuite hostname="EC2AMAZ-S11DBRH" failures="0" tests="3" name="TestScripts.SampleTestFour" time="0.007" errors="0" timestamp="2023-12-19T17:02:33 GMT" skipped="0">
  <testcase classname="TestScripts.SampleTestFour" name="testone" time="0.002"/>
  <system-out/>
  <testcase classname="TestScripts.SampleTestFour" name="testtwo" time="0.002"/>
  <system-out/>
  <testcase classname="TestScripts.SampleTestFour" name="testfour" time="0.003"/>
  <system-out/>
</testsuite> <!-- TestScripts.SampleTestFour -->
