<?xml version="1.0" encoding="UTF-8"?>
<!-- Generated by org.testng.reporters.JUnitReportReporter -->
<testsuite hostname="EC2AMAZ-S11DBRH" failures="0" tests="3" name="paralleltest.SampleTestOne" time="0.024" errors="0" timestamp="2023-12-14T18:40:53 GMT" skipped="0">
  <testcase classname="paralleltest.SampleTestOne" name="testOne" time="0.014"/>
  <system-out/>
  <testcase classname="paralleltest.SampleTestOne" name="testThree" time="0.005"/>
  <system-out/>
  <testcase classname="paralleltest.SampleTestOne" name="testTwo" time="0.005"/>
  <system-out/>
</testsuite> <!-- paralleltest.SampleTestOne -->
