<?xml version="1.0" encoding="UTF-8"?>
<!-- Generated by org.testng.reporters.JUnitReportReporter -->
<testsuite hostname="EC2AMAZ-S11DBRH" failures="0" tests="3" name="paralleltest.SampleTestTwo" time="0.023" errors="0" timestamp="2023-12-14T18:40:53 GMT" skipped="0">
  <testcase classname="paralleltest.SampleTestTwo" name="testThree" time="0.008"/>
  <system-out/>
  <testcase classname="paralleltest.SampleTestTwo" name="testOne" time="0.014"/>
  <system-out/>
  <testcase classname="paralleltest.SampleTestTwo" name="testTwo" time="0.001"/>
  <system-out/>
</testsuite> <!-- paralleltest.SampleTestTwo -->
