<?xml version="1.0" encoding="UTF-8"?>
<!-- Generated by org.testng.reporters.JUnitReportReporter -->
<testsuite hostname="EC2AMAZ-S11DBRH" failures="0" tests="3" name="TestScripts.SampleTestOne" time="0.019" errors="0" timestamp="2023-12-14T18:33:41 GMT" skipped="0">
  <testcase classname="TestScripts.SampleTestOne" name="testTwo" time="0.003"/>
  <system-out/>
  <testcase classname="TestScripts.SampleTestOne" name="testThree" time="0.002"/>
  <system-out/>
  <testcase classname="TestScripts.SampleTestOne" name="testOne" time="0.014"/>
  <system-out/>
</testsuite> <!-- TestScripts.SampleTestOne -->
